2025-10-28 13:34:00 | INFO     | app.main:lifespan:73 - 🚀 Starting FastAPI application...
2025-10-28 13:34:00 | INFO     | app.main:lifespan:78 - ✅ Фоновая задача очистки логов запущена
2025-10-28 13:34:00 | INFO     | app.tasks.log_cleanup_task:start_periodic_cleanup:40 - 🔄 Запуск периодической очистки логов (интервал: 24ч)
2025-10-28 13:34:00 | INFO     | app.tasks.log_cleanup_task:run_cleanup:29 - ✅ Старые логи для очистки не найдены
2025-10-28 13:34:00 | INFO     | app.tasks.log_cleanup_task:start_periodic_cleanup:45 - ⏰ Следующая очистка через 24 часов...
2025-10-28 13:42:22 | INFO     | app.main:lifespan:86 - 🛑 Shutting down application...
2025-10-28 13:42:22 | INFO     | app.main:lifespan:88 - ✅ Фоновая задача очистки логов остановлена
2025-10-28 13:42:22 | INFO     | app.tasks.log_cleanup_task:start_periodic_cleanup:49 - ⏹️  Задача очистки логов отменена
2025-10-28 13:42:24 | INFO     | app.main:lifespan:73 - 🚀 Starting FastAPI application...
2025-10-28 13:42:24 | INFO     | app.main:lifespan:78 - ✅ Фоновая задача очистки логов запущена
2025-10-28 13:42:24 | INFO     | app.tasks.log_cleanup_task:start_periodic_cleanup:40 - 🔄 Запуск периодической очистки логов (интервал: 24ч)
2025-10-28 13:42:24 | INFO     | app.tasks.log_cleanup_task:run_cleanup:29 - ✅ Старые логи для очистки не найдены
2025-10-28 13:42:24 | INFO     | app.tasks.log_cleanup_task:start_periodic_cleanup:45 - ⏰ Следующая очистка через 24 часов...
2025-10-28 13:47:28 | INFO     | app.main:lifespan:86 - 🛑 Shutting down application...
2025-10-28 13:47:28 | INFO     | app.main:lifespan:88 - ✅ Фоновая задача очистки логов остановлена
2025-10-28 13:47:28 | INFO     | app.tasks.log_cleanup_task:start_periodic_cleanup:49 - ⏹️  Задача очистки логов отменена
2025-10-28 13:50:17 | INFO     | app.main:lifespan:73 - 🚀 Starting FastAPI application...
2025-10-28 13:50:17 | INFO     | app.main:lifespan:78 - ✅ Фоновая задача очистки логов запущена
2025-10-28 13:50:17 | INFO     | app.tasks.log_cleanup_task:start_periodic_cleanup:53 - 🔄 Запуск периодической очистки логов (интервал: 24ч)
2025-10-28 13:50:17 | INFO     | app.tasks.log_cleanup_task:run_cleanup:42 - ✅ Старые логи для очистки не найдены
2025-10-28 13:50:17 | INFO     | app.tasks.log_cleanup_task:start_periodic_cleanup:60 - ⏰ Следующая очистка через 24 часов...
2025-10-28 14:07:49 | INFO     | app.main:lifespan:86 - 🛑 Shutting down application...
2025-10-28 14:07:49 | INFO     | app.main:lifespan:88 - ✅ Фоновая задача очистки логов остановлена
2025-10-28 14:07:49 | INFO     | app.tasks.log_cleanup_task:start_periodic_cleanup:67 - ⏹️  Задача очистки логов отменена
2025-10-28 14:07:50 | INFO     | app.main:lifespan:73 - 🚀 Starting FastAPI application...
2025-10-28 14:07:50 | INFO     | app.main:lifespan:78 - ✅ Фоновая задача очистки логов запущена
2025-10-28 14:07:50 | INFO     | app.tasks.log_cleanup_task:start_periodic_cleanup:53 - 🔄 Запуск периодической очистки логов (интервал: 24ч)
2025-10-28 14:07:50 | INFO     | app.tasks.log_cleanup_task:run_cleanup:42 - ✅ Старые логи для очистки не найдены
2025-10-28 14:07:50 | INFO     | app.tasks.log_cleanup_task:start_periodic_cleanup:60 - ⏰ Следующая очистка через 24 часов...
2025-10-28 18:02:31 | INFO     | app.main:lifespan:86 - 🛑 Shutting down application...
2025-10-28 18:02:31 | INFO     | app.main:lifespan:88 - ✅ Фоновая задача очистки логов остановлена
2025-10-28 18:02:31 | INFO     | app.tasks.log_cleanup_task:start_periodic_cleanup:67 - ⏹️  Задача очистки логов отменена
2025-10-28 18:02:34 | INFO     | app.main:lifespan:73 - 🚀 Starting FastAPI application...
2025-10-28 18:02:34 | INFO     | app.main:lifespan:78 - ✅ Фоновая задача очистки логов запущена
2025-10-28 18:02:34 | INFO     | app.tasks.log_cleanup_task:start_periodic_cleanup:53 - 🔄 Запуск периодической очистки логов (интервал: 24ч)
2025-10-28 18:02:34 | INFO     | app.tasks.log_cleanup_task:run_cleanup:42 - ✅ Старые логи для очистки не найдены
2025-10-28 18:02:34 | INFO     | app.tasks.log_cleanup_task:start_periodic_cleanup:60 - ⏰ Следующая очистка через 24 часов...
2025-10-28 18:28:22 | INFO     | app.main:lifespan:86 - 🛑 Shutting down application...
2025-10-28 18:28:22 | INFO     | app.main:lifespan:88 - ✅ Фоновая задача очистки логов остановлена
2025-10-28 18:28:22 | INFO     | app.tasks.log_cleanup_task:start_periodic_cleanup:67 - ⏹️  Задача очистки логов отменена
2025-10-28 18:28:25 | INFO     | app.main:lifespan:73 - 🚀 Starting FastAPI application...
2025-10-28 18:28:25 | INFO     | app.main:lifespan:78 - ✅ Фоновая задача очистки логов запущена
2025-10-28 18:28:25 | INFO     | app.tasks.log_cleanup_task:start_periodic_cleanup:53 - 🔄 Запуск периодической очистки логов (интервал: 24ч)
2025-10-28 18:28:25 | INFO     | app.tasks.log_cleanup_task:run_cleanup:42 - ✅ Старые логи для очистки не найдены
2025-10-28 18:28:25 | INFO     | app.tasks.log_cleanup_task:start_periodic_cleanup:60 - ⏰ Следующая очистка через 24 часов...
2025-10-29 16:49:26 | ERROR    | logging:callHandlers:1736 - Ошибка при обновлении last_login для пользователя 2: (sqlalchemy.dialects.postgresql.asyncpg.Error) <class 'asyncpg.exceptions.DataError'>: invalid input for query argument $1: datetime.datetime(2025, 10, 29, 9, 49, 2... (can't subtract offset-naive and offset-aware datetimes)
[SQL: UPDATE users SET last_login=$1::TIMESTAMP WITHOUT TIME ZONE, updated_at=$2::TIMESTAMP WITHOUT TIME ZONE WHERE users.id = $3::INTEGER]
[parameters: (datetime.datetime(2025, 10, 29, 9, 49, 26, 360854, tzinfo=datetime.timezone.utc), datetime.datetime(2025, 10, 29, 16, 49, 26, 372747), 2)]
(Background on this error at: https://sqlalche.me/e/20/dbapi)
2025-10-29 16:49:26 | ERROR    | app.users.router:log_error:44 - Не удалось обновить last_login для пользователя 2
2025-10-29 16:57:14 | ERROR    | logging:callHandlers:1736 - Ошибка при обновлении last_login для пользователя 2: (sqlalchemy.dialects.postgresql.asyncpg.Error) <class 'asyncpg.exceptions.DataError'>: invalid input for query argument $1: datetime.datetime(2025, 10, 29, 9, 57, 1... (can't subtract offset-naive and offset-aware datetimes)
[SQL: UPDATE users SET last_login=$1::TIMESTAMP WITHOUT TIME ZONE, updated_at=$2::TIMESTAMP WITHOUT TIME ZONE WHERE users.id = $3::INTEGER]
[parameters: (datetime.datetime(2025, 10, 29, 9, 57, 14, 97178, tzinfo=datetime.timezone.utc), datetime.datetime(2025, 10, 29, 16, 57, 14, 99090), 2)]
(Background on this error at: https://sqlalche.me/e/20/dbapi)
2025-10-29 16:57:14 | ERROR    | app.users.router:log_error:44 - Не удалось обновить last_login для пользователя 2
2025-10-29 16:58:59 | ERROR    | logging:callHandlers:1736 - Ошибка при обновлении last_login для пользователя 2: (sqlalchemy.dialects.postgresql.asyncpg.Error) <class 'asyncpg.exceptions.DataError'>: invalid input for query argument $1: datetime.datetime(2025, 10, 29, 9, 58, 5... (can't subtract offset-naive and offset-aware datetimes)
[SQL: UPDATE users SET last_login=$1::TIMESTAMP WITHOUT TIME ZONE, updated_at=$2::TIMESTAMP WITHOUT TIME ZONE WHERE users.id = $3::INTEGER]
[parameters: (datetime.datetime(2025, 10, 29, 9, 58, 59, 478183, tzinfo=datetime.timezone.utc), datetime.datetime(2025, 10, 29, 16, 58, 59, 478507), 2)]
(Background on this error at: https://sqlalche.me/e/20/dbapi)
2025-10-29 16:58:59 | ERROR    | app.users.router:log_error:44 - Не удалось обновить last_login для пользователя 2
2025-10-29 17:02:41 | INFO     | app.main:lifespan:86 - 🛑 Shutting down application...
2025-10-29 17:02:41 | INFO     | app.main:lifespan:88 - ✅ Фоновая задача очистки логов остановлена
2025-10-29 17:02:41 | INFO     | app.tasks.log_cleanup_task:start_periodic_cleanup:67 - ⏹️  Задача очистки логов отменена
2025-10-29 17:04:35 | INFO     | app.main:lifespan:73 - 🚀 Starting FastAPI application...
2025-10-29 17:04:35 | INFO     | app.main:lifespan:78 - ✅ Фоновая задача очистки логов запущена
2025-10-29 17:04:35 | INFO     | app.tasks.log_cleanup_task:start_periodic_cleanup:53 - 🔄 Запуск периодической очистки логов (интервал: 24ч)
2025-10-29 17:04:35 | INFO     | app.tasks.log_cleanup_task:run_cleanup:42 - ✅ Старые логи для очистки не найдены
2025-10-29 17:04:35 | INFO     | app.tasks.log_cleanup_task:start_periodic_cleanup:60 - ⏰ Следующая очистка через 24 часов...
2025-10-29 17:05:03 | ERROR    | logging:callHandlers:1736 - Ошибка при обновлении last_login для пользователя 2: (sqlalchemy.dialects.postgresql.asyncpg.Error) <class 'asyncpg.exceptions.DataError'>: invalid input for query argument $1: datetime.datetime(2025, 10, 29, 10, 5, 3... (can't subtract offset-naive and offset-aware datetimes)
[SQL: UPDATE users SET last_login=$1::TIMESTAMP WITHOUT TIME ZONE, updated_at=$2::TIMESTAMP WITHOUT TIME ZONE WHERE users.id = $3::INTEGER]
[parameters: (datetime.datetime(2025, 10, 29, 10, 5, 3, 887701, tzinfo=datetime.timezone.utc), datetime.datetime(2025, 10, 29, 17, 5, 3, 889144), 2)]
(Background on this error at: https://sqlalche.me/e/20/dbapi)
2025-10-29 17:05:03 | ERROR    | app.users.router:log_error:44 - Не удалось обновить last_login для пользователя 2
2025-10-29 17:08:06 | INFO     | app.main:lifespan:86 - 🛑 Shutting down application...
2025-10-29 17:08:06 | INFO     | app.main:lifespan:88 - ✅ Фоновая задача очистки логов остановлена
2025-10-29 17:08:06 | INFO     | app.tasks.log_cleanup_task:start_periodic_cleanup:67 - ⏹️  Задача очистки логов отменена
2025-10-29 17:08:07 | INFO     | app.main:lifespan:73 - 🚀 Starting FastAPI application...
2025-10-29 17:08:07 | INFO     | app.main:lifespan:78 - ✅ Фоновая задача очистки логов запущена
2025-10-29 17:08:07 | INFO     | app.tasks.log_cleanup_task:start_periodic_cleanup:53 - 🔄 Запуск периодической очистки логов (интервал: 24ч)
2025-10-29 17:08:07 | INFO     | app.tasks.log_cleanup_task:run_cleanup:42 - ✅ Старые логи для очистки не найдены
2025-10-29 17:08:07 | INFO     | app.tasks.log_cleanup_task:start_periodic_cleanup:60 - ⏰ Следующая очистка через 24 часов...
2025-10-29 17:18:37 | INFO     | app.main:lifespan:86 - 🛑 Shutting down application...
2025-10-29 17:18:37 | INFO     | app.main:lifespan:88 - ✅ Фоновая задача очистки логов остановлена
2025-10-29 17:18:37 | INFO     | app.tasks.log_cleanup_task:start_periodic_cleanup:67 - ⏹️  Задача очистки логов отменена
2025-10-29 17:18:39 | INFO     | app.main:lifespan:73 - 🚀 Starting FastAPI application...
2025-10-29 17:18:39 | INFO     | app.main:lifespan:78 - ✅ Фоновая задача очистки логов запущена
2025-10-29 17:18:39 | INFO     | app.tasks.log_cleanup_task:start_periodic_cleanup:53 - 🔄 Запуск периодической очистки логов (интервал: 24ч)
2025-10-29 17:18:39 | INFO     | app.tasks.log_cleanup_task:run_cleanup:42 - ✅ Старые логи для очистки не найдены
2025-10-29 17:18:39 | INFO     | app.tasks.log_cleanup_task:start_periodic_cleanup:60 - ⏰ Следующая очистка через 24 часов...
2025-10-29 17:27:36 | INFO     | app.main:lifespan:86 - 🛑 Shutting down application...
2025-10-29 17:27:36 | INFO     | app.main:lifespan:88 - ✅ Фоновая задача очистки логов остановлена
2025-10-29 17:27:36 | INFO     | app.tasks.log_cleanup_task:start_periodic_cleanup:67 - ⏹️  Задача очистки логов отменена
2025-10-29 17:27:38 | INFO     | app.main:lifespan:73 - 🚀 Starting FastAPI application...
2025-10-29 17:27:38 | INFO     | app.main:lifespan:78 - ✅ Фоновая задача очистки логов запущена
2025-10-29 17:27:38 | INFO     | app.tasks.log_cleanup_task:start_periodic_cleanup:53 - 🔄 Запуск периодической очистки логов (интервал: 24ч)
2025-10-29 17:27:38 | ERROR    | app.tasks.log_cleanup_task:run_cleanup:47 - ❌ Ошибка при очистке логов: Mapper 'Mapper[User(users)]' has no property 'services'.  If this property was indicated from other mappers or configure events, ensure registry.configure() has been called.
2025-10-29 17:27:38 | INFO     | app.tasks.log_cleanup_task:start_periodic_cleanup:60 - ⏰ Следующая очистка через 24 часов...
2025-10-29 17:29:27 | INFO     | app.main:lifespan:86 - 🛑 Shutting down application...
2025-10-29 17:29:27 | INFO     | app.main:lifespan:88 - ✅ Фоновая задача очистки логов остановлена
2025-10-29 17:29:27 | INFO     | app.tasks.log_cleanup_task:start_periodic_cleanup:67 - ⏹️  Задача очистки логов отменена
2025-10-29 17:29:28 | INFO     | app.main:lifespan:73 - 🚀 Starting FastAPI application...
2025-10-29 17:29:28 | INFO     | app.main:lifespan:78 - ✅ Фоновая задача очистки логов запущена
2025-10-29 17:29:28 | INFO     | app.tasks.log_cleanup_task:start_periodic_cleanup:53 - 🔄 Запуск периодической очистки логов (интервал: 24ч)
2025-10-29 17:29:28 | INFO     | app.tasks.log_cleanup_task:run_cleanup:42 - ✅ Старые логи для очистки не найдены
2025-10-29 17:29:28 | INFO     | app.tasks.log_cleanup_task:start_periodic_cleanup:60 - ⏰ Следующая очистка через 24 часов...
2025-10-29 17:31:01 | INFO     | app.main:lifespan:86 - 🛑 Shutting down application...
2025-10-29 17:31:01 | INFO     | app.main:lifespan:88 - ✅ Фоновая задача очистки логов остановлена
2025-10-29 17:31:01 | INFO     | app.tasks.log_cleanup_task:start_periodic_cleanup:67 - ⏹️  Задача очистки логов отменена
2025-10-29 17:31:03 | INFO     | app.main:lifespan:73 - 🚀 Starting FastAPI application...
2025-10-29 17:31:03 | INFO     | app.main:lifespan:78 - ✅ Фоновая задача очистки логов запущена
2025-10-29 17:31:03 | INFO     | app.tasks.log_cleanup_task:start_periodic_cleanup:53 - 🔄 Запуск периодической очистки логов (интервал: 24ч)
2025-10-29 17:31:03 | INFO     | app.tasks.log_cleanup_task:run_cleanup:42 - ✅ Старые логи для очистки не найдены
2025-10-29 17:31:03 | INFO     | app.tasks.log_cleanup_task:start_periodic_cleanup:60 - ⏰ Следующая очистка через 24 часов...
2025-10-29 17:49:28 | INFO     | app.main:lifespan:86 - 🛑 Shutting down application...
2025-10-29 17:49:28 | INFO     | app.main:lifespan:88 - ✅ Фоновая задача очистки логов остановлена
2025-10-29 17:49:28 | INFO     | app.tasks.log_cleanup_task:start_periodic_cleanup:67 - ⏹️  Задача очистки логов отменена
2025-10-29 17:49:29 | INFO     | app.main:lifespan:73 - 🚀 Starting FastAPI application...
2025-10-29 17:49:29 | INFO     | app.main:lifespan:78 - ✅ Фоновая задача очистки логов запущена
2025-10-29 17:49:29 | INFO     | app.tasks.log_cleanup_task:start_periodic_cleanup:53 - 🔄 Запуск периодической очистки логов (интервал: 24ч)
2025-10-29 17:49:29 | INFO     | app.tasks.log_cleanup_task:run_cleanup:42 - ✅ Старые логи для очистки не найдены
2025-10-29 17:49:29 | INFO     | app.tasks.log_cleanup_task:start_periodic_cleanup:60 - ⏰ Следующая очистка через 24 часов...
2025-10-29 18:12:02 | INFO     | app.main:lifespan:86 - 🛑 Shutting down application...
2025-10-29 18:12:02 | INFO     | app.main:lifespan:88 - ✅ Фоновая задача очистки логов остановлена
2025-10-29 18:12:02 | INFO     | app.tasks.log_cleanup_task:start_periodic_cleanup:67 - ⏹️  Задача очистки логов отменена
2025-10-29 18:12:04 | INFO     | app.main:lifespan:73 - 🚀 Starting FastAPI application...
2025-10-29 18:12:04 | INFO     | app.main:lifespan:78 - ✅ Фоновая задача очистки логов запущена
2025-10-29 18:12:04 | INFO     | app.tasks.log_cleanup_task:start_periodic_cleanup:53 - 🔄 Запуск периодической очистки логов (интервал: 24ч)
2025-10-29 18:12:04 | INFO     | app.tasks.log_cleanup_task:run_cleanup:42 - ✅ Старые логи для очистки не найдены
2025-10-29 18:12:04 | INFO     | app.tasks.log_cleanup_task:start_periodic_cleanup:60 - ⏰ Следующая очистка через 24 часов...
2025-10-29 18:23:08 | INFO     | app.main:lifespan:86 - 🛑 Shutting down application...
2025-10-29 18:23:08 | INFO     | app.main:lifespan:88 - ✅ Фоновая задача очистки логов остановлена
2025-10-29 18:23:08 | INFO     | app.tasks.log_cleanup_task:start_periodic_cleanup:67 - ⏹️  Задача очистки логов отменена
2025-10-29 18:23:09 | INFO     | app.main:lifespan:73 - 🚀 Starting FastAPI application...
2025-10-29 18:23:09 | INFO     | app.main:lifespan:78 - ✅ Фоновая задача очистки логов запущена
2025-10-29 18:23:09 | INFO     | app.tasks.log_cleanup_task:start_periodic_cleanup:53 - 🔄 Запуск периодической очистки логов (интервал: 24ч)
2025-10-29 18:23:09 | INFO     | app.tasks.log_cleanup_task:run_cleanup:42 - ✅ Старые логи для очистки не найдены
2025-10-29 18:23:09 | INFO     | app.tasks.log_cleanup_task:start_periodic_cleanup:60 - ⏰ Следующая очистка через 24 часов...
2025-10-29 18:23:33 | INFO     | app.main:lifespan:86 - 🛑 Shutting down application...
2025-10-29 18:23:33 | INFO     | app.main:lifespan:88 - ✅ Фоновая задача очистки логов остановлена
2025-10-29 18:23:33 | INFO     | app.tasks.log_cleanup_task:start_periodic_cleanup:67 - ⏹️  Задача очистки логов отменена
2025-10-29 18:23:34 | INFO     | app.main:lifespan:73 - 🚀 Starting FastAPI application...
2025-10-29 18:23:34 | INFO     | app.main:lifespan:78 - ✅ Фоновая задача очистки логов запущена
2025-10-29 18:23:34 | INFO     | app.tasks.log_cleanup_task:start_periodic_cleanup:53 - 🔄 Запуск периодической очистки логов (интервал: 24ч)
2025-10-29 18:23:34 | INFO     | app.tasks.log_cleanup_task:run_cleanup:42 - ✅ Старые логи для очистки не найдены
2025-10-29 18:23:34 | INFO     | app.tasks.log_cleanup_task:start_periodic_cleanup:60 - ⏰ Следующая очистка через 24 часов...
2025-10-29 21:01:36 | INFO     | app.main:lifespan:86 - 🛑 Shutting down application...
2025-10-29 21:01:36 | INFO     | app.main:lifespan:88 - ✅ Фоновая задача очистки логов остановлена
2025-10-29 21:01:36 | INFO     | app.tasks.log_cleanup_task:start_periodic_cleanup:67 - ⏹️  Задача очистки логов отменена
2025-10-29 21:01:39 | INFO     | app.main:lifespan:73 - 🚀 Starting FastAPI application...
2025-10-29 21:01:39 | INFO     | app.main:lifespan:78 - ✅ Фоновая задача очистки логов запущена
2025-10-29 21:01:39 | INFO     | app.tasks.log_cleanup_task:start_periodic_cleanup:53 - 🔄 Запуск периодической очистки логов (интервал: 24ч)
2025-10-29 21:01:39 | INFO     | app.tasks.log_cleanup_task:run_cleanup:42 - ✅ Старые логи для очистки не найдены
2025-10-29 21:01:39 | INFO     | app.tasks.log_cleanup_task:start_periodic_cleanup:60 - ⏰ Следующая очистка через 24 часов...
2025-10-29 21:03:10 | INFO     | app.main:lifespan:86 - 🛑 Shutting down application...
2025-10-29 21:03:10 | INFO     | app.main:lifespan:88 - ✅ Фоновая задача очистки логов остановлена
2025-10-29 21:03:10 | INFO     | app.tasks.log_cleanup_task:start_periodic_cleanup:67 - ⏹️  Задача очистки логов отменена
2025-10-29 21:03:16 | INFO     | app.main:lifespan:73 - 🚀 Starting FastAPI application...
2025-10-29 21:03:16 | INFO     | app.main:lifespan:78 - ✅ Фоновая задача очистки логов запущена
2025-10-29 21:03:16 | INFO     | app.tasks.log_cleanup_task:start_periodic_cleanup:53 - 🔄 Запуск периодической очистки логов (интервал: 24ч)
2025-10-29 21:03:16 | INFO     | app.tasks.log_cleanup_task:run_cleanup:42 - ✅ Старые логи для очистки не найдены
2025-10-29 21:03:16 | INFO     | app.tasks.log_cleanup_task:start_periodic_cleanup:60 - ⏰ Следующая очистка через 24 часов...
2025-10-29 21:50:37 | INFO     | app.main:lifespan:86 - 🛑 Shutting down application...
2025-10-29 21:50:37 | INFO     | app.main:lifespan:88 - ✅ Фоновая задача очистки логов остановлена
2025-10-29 21:50:37 | INFO     | app.tasks.log_cleanup_task:start_periodic_cleanup:67 - ⏹️  Задача очистки логов отменена
2025-10-29 21:50:38 | INFO     | app.main:lifespan:73 - 🚀 Starting FastAPI application...
2025-10-29 21:50:38 | INFO     | app.main:lifespan:78 - ✅ Фоновая задача очистки логов запущена
2025-10-29 21:50:38 | INFO     | app.tasks.log_cleanup_task:start_periodic_cleanup:53 - 🔄 Запуск периодической очистки логов (интервал: 24ч)
2025-10-29 21:50:38 | INFO     | app.tasks.log_cleanup_task:run_cleanup:42 - ✅ Старые логи для очистки не найдены
2025-10-29 21:50:38 | INFO     | app.tasks.log_cleanup_task:start_periodic_cleanup:60 - ⏰ Следующая очистка через 24 часов...
2025-10-29 21:51:02 | INFO     | app.main:lifespan:86 - 🛑 Shutting down application...
2025-10-29 21:51:02 | INFO     | app.main:lifespan:88 - ✅ Фоновая задача очистки логов остановлена
2025-10-29 21:51:02 | INFO     | app.tasks.log_cleanup_task:start_periodic_cleanup:67 - ⏹️  Задача очистки логов отменена
2025-10-29 21:51:03 | INFO     | app.main:lifespan:73 - 🚀 Starting FastAPI application...
2025-10-29 21:51:03 | INFO     | app.main:lifespan:78 - ✅ Фоновая задача очистки логов запущена
2025-10-29 21:51:03 | INFO     | app.tasks.log_cleanup_task:start_periodic_cleanup:53 - 🔄 Запуск периодической очистки логов (интервал: 24ч)
2025-10-29 21:51:03 | INFO     | app.tasks.log_cleanup_task:run_cleanup:42 - ✅ Старые логи для очистки не найдены
2025-10-29 21:51:03 | INFO     | app.tasks.log_cleanup_task:start_periodic_cleanup:60 - ⏰ Следующая очистка через 24 часов...
2025-10-29 23:41:49 | INFO     | app.main:lifespan:86 - 🛑 Shutting down application...
2025-10-29 23:41:49 | INFO     | app.main:lifespan:88 - ✅ Фоновая задача очистки логов остановлена
2025-10-29 23:41:49 | INFO     | app.tasks.log_cleanup_task:start_periodic_cleanup:67 - ⏹️  Задача очистки логов отменена
2025-10-29 23:41:50 | INFO     | app.main:lifespan:73 - 🚀 Starting FastAPI application...
2025-10-29 23:41:50 | INFO     | app.main:lifespan:78 - ✅ Фоновая задача очистки логов запущена
2025-10-29 23:41:50 | INFO     | app.tasks.log_cleanup_task:start_periodic_cleanup:53 - 🔄 Запуск периодической очистки логов (интервал: 24ч)
2025-10-29 23:41:51 | INFO     | app.tasks.log_cleanup_task:run_cleanup:42 - ✅ Старые логи для очистки не найдены
2025-10-29 23:41:51 | INFO     | app.tasks.log_cleanup_task:start_periodic_cleanup:60 - ⏰ Следующая очистка через 24 часов...
2025-10-29 23:56:19 | INFO     | app.main:lifespan:86 - 🛑 Shutting down application...
2025-10-29 23:56:19 | INFO     | app.main:lifespan:88 - ✅ Фоновая задача очистки логов остановлена
2025-10-29 23:56:19 | INFO     | app.tasks.log_cleanup_task:start_periodic_cleanup:67 - ⏹️  Задача очистки логов отменена
2025-10-29 23:56:20 | INFO     | app.main:lifespan:73 - 🚀 Starting FastAPI application...
2025-10-29 23:56:20 | INFO     | app.main:lifespan:78 - ✅ Фоновая задача очистки логов запущена
2025-10-29 23:56:20 | INFO     | app.tasks.log_cleanup_task:start_periodic_cleanup:53 - 🔄 Запуск периодической очистки логов (интервал: 24ч)
2025-10-29 23:56:20 | INFO     | app.tasks.log_cleanup_task:run_cleanup:42 - ✅ Старые логи для очистки не найдены
2025-10-29 23:56:20 | INFO     | app.tasks.log_cleanup_task:start_periodic_cleanup:60 - ⏰ Следующая очистка через 24 часов...
2025-10-30 00:05:59 | INFO     | app.main:lifespan:86 - 🛑 Shutting down application...
2025-10-30 00:05:59 | INFO     | app.main:lifespan:88 - ✅ Фоновая задача очистки логов остановлена
2025-10-30 00:05:59 | INFO     | app.tasks.log_cleanup_task:start_periodic_cleanup:67 - ⏹️  Задача очистки логов отменена
2025-10-30 00:06:01 | INFO     | app.main:lifespan:73 - 🚀 Starting FastAPI application...
2025-10-30 00:06:01 | INFO     | app.main:lifespan:78 - ✅ Фоновая задача очистки логов запущена
2025-10-30 00:06:01 | INFO     | app.tasks.log_cleanup_task:start_periodic_cleanup:53 - 🔄 Запуск периодической очистки логов (интервал: 24ч)
2025-10-30 00:06:01 | INFO     | app.tasks.log_cleanup_task:run_cleanup:42 - ✅ Старые логи для очистки не найдены
2025-10-30 00:06:01 | INFO     | app.tasks.log_cleanup_task:start_periodic_cleanup:60 - ⏰ Следующая очистка через 24 часов...
2025-10-30 00:11:58 | INFO     | app.main:lifespan:86 - 🛑 Shutting down application...
2025-10-30 00:11:58 | INFO     | app.main:lifespan:88 - ✅ Фоновая задача очистки логов остановлена
2025-10-30 00:11:58 | INFO     | app.tasks.log_cleanup_task:start_periodic_cleanup:67 - ⏹️  Задача очистки логов отменена
2025-10-30 00:11:59 | INFO     | app.main:lifespan:73 - 🚀 Starting FastAPI application...
2025-10-30 00:11:59 | INFO     | app.main:lifespan:78 - ✅ Фоновая задача очистки логов запущена
2025-10-30 00:11:59 | INFO     | app.tasks.log_cleanup_task:start_periodic_cleanup:53 - 🔄 Запуск периодической очистки логов (интервал: 24ч)
2025-10-30 00:11:59 | INFO     | app.tasks.log_cleanup_task:run_cleanup:42 - ✅ Старые логи для очистки не найдены
2025-10-30 00:11:59 | INFO     | app.tasks.log_cleanup_task:start_periodic_cleanup:60 - ⏰ Следующая очистка через 24 часов...
2025-10-30 00:15:32 | INFO     | app.main:lifespan:86 - 🛑 Shutting down application...
2025-10-30 00:15:32 | INFO     | app.main:lifespan:88 - ✅ Фоновая задача очистки логов остановлена
2025-10-30 00:15:32 | INFO     | app.tasks.log_cleanup_task:start_periodic_cleanup:67 - ⏹️  Задача очистки логов отменена
2025-10-30 00:15:33 | INFO     | app.main:lifespan:73 - 🚀 Starting FastAPI application...
2025-10-30 00:15:33 | INFO     | app.main:lifespan:78 - ✅ Фоновая задача очистки логов запущена
2025-10-30 00:15:33 | INFO     | app.tasks.log_cleanup_task:start_periodic_cleanup:53 - 🔄 Запуск периодической очистки логов (интервал: 24ч)
2025-10-30 00:15:33 | INFO     | app.tasks.log_cleanup_task:run_cleanup:42 - ✅ Старые логи для очистки не найдены
2025-10-30 00:15:33 | INFO     | app.tasks.log_cleanup_task:start_periodic_cleanup:60 - ⏰ Следующая очистка через 24 часов...
2025-10-30 00:18:19 | INFO     | app.main:lifespan:86 - 🛑 Shutting down application...
2025-10-30 00:18:19 | INFO     | app.main:lifespan:88 - ✅ Фоновая задача очистки логов остановлена
2025-10-30 00:18:19 | INFO     | app.tasks.log_cleanup_task:start_periodic_cleanup:67 - ⏹️  Задача очистки логов отменена
2025-10-30 00:18:20 | INFO     | app.main:lifespan:73 - 🚀 Starting FastAPI application...
2025-10-30 00:18:20 | INFO     | app.main:lifespan:78 - ✅ Фоновая задача очистки логов запущена
2025-10-30 00:18:20 | INFO     | app.tasks.log_cleanup_task:start_periodic_cleanup:53 - 🔄 Запуск периодической очистки логов (интервал: 24ч)
2025-10-30 00:18:20 | INFO     | app.tasks.log_cleanup_task:run_cleanup:42 - ✅ Старые логи для очистки не найдены
2025-10-30 00:18:20 | INFO     | app.tasks.log_cleanup_task:start_periodic_cleanup:60 - ⏰ Следующая очистка через 24 часов...
2025-10-30 00:26:02 | INFO     | app.main:lifespan:86 - 🛑 Shutting down application...
2025-10-30 00:26:02 | INFO     | app.main:lifespan:88 - ✅ Фоновая задача очистки логов остановлена
2025-10-30 00:26:02 | INFO     | app.tasks.log_cleanup_task:start_periodic_cleanup:67 - ⏹️  Задача очистки логов отменена
2025-10-30 00:26:03 | INFO     | app.main:lifespan:73 - 🚀 Starting FastAPI application...
2025-10-30 00:26:03 | INFO     | app.main:lifespan:78 - ✅ Фоновая задача очистки логов запущена
2025-10-30 00:26:03 | INFO     | app.tasks.log_cleanup_task:start_periodic_cleanup:53 - 🔄 Запуск периодической очистки логов (интервал: 24ч)
2025-10-30 00:26:03 | INFO     | app.tasks.log_cleanup_task:run_cleanup:42 - ✅ Старые логи для очистки не найдены
2025-10-30 00:26:03 | INFO     | app.tasks.log_cleanup_task:start_periodic_cleanup:60 - ⏰ Следующая очистка через 24 часов...
2025-10-30 00:28:42 | INFO     | app.main:lifespan:86 - 🛑 Shutting down application...
2025-10-30 00:28:42 | INFO     | app.main:lifespan:88 - ✅ Фоновая задача очистки логов остановлена
2025-10-30 00:28:42 | INFO     | app.tasks.log_cleanup_task:start_periodic_cleanup:67 - ⏹️  Задача очистки логов отменена
2025-10-30 00:28:43 | INFO     | app.main:lifespan:73 - 🚀 Starting FastAPI application...
2025-10-30 00:28:43 | INFO     | app.main:lifespan:78 - ✅ Фоновая задача очистки логов запущена
2025-10-30 00:28:43 | INFO     | app.tasks.log_cleanup_task:start_periodic_cleanup:53 - 🔄 Запуск периодической очистки логов (интервал: 24ч)
2025-10-30 00:28:43 | INFO     | app.tasks.log_cleanup_task:run_cleanup:42 - ✅ Старые логи для очистки не найдены
2025-10-30 00:28:43 | INFO     | app.tasks.log_cleanup_task:start_periodic_cleanup:60 - ⏰ Следующая очистка через 24 часов...
